<?xml version="1.0" encoding="UTF-8"?>
<testExecutions version="1">
  <file path="/home/iancosta/2022-1-EuPescador-Web/src/components/Header.spec.tsx">
    <testCase name="Header Component Should render title" duration="59"/>
  </file>
  <file path="/home/iancosta/2022-1-EuPescador-Web/src/services/api/userServices/index.spec.tsx">
    <testCase name="User Service Test Deve realizar o login" duration="909"/>
    <testCase name="User Service Test Deve falhar o login" duration="666"/>
    <testCase name="User Service Test Listar todos os usuarios" duration="670"/>
  </file>
  <file path="/home/iancosta/2022-1-EuPescador-Web/src/services/api/wikiServices/index.spec.tsx">
    <testCase name="Wiki Service Test Recuperar dados de um peixe" duration="833"/>
    <testCase name="Wiki Service Test Peixe não existente" duration="669"/>
    <testCase name="Wiki Service Test Recuperar todos os peixes" duration="914"/>
  </file>
  <file path="/home/iancosta/2022-1-EuPescador-Web/src/components/Table/index.spec.tsx">
    <testCase name="Table component Should render component" duration="46"/>
    <testCase name="Table component Should render edit button" duration="36"/>
    <testCase name="Table component Should render delete button" duration="27"/>
  </file>
  <file path="/home/iancosta/2022-1-EuPescador-Web/src/services/api/fishLogServices/index.spec.tsx">
    <testCase name="Fish Log Service Test Recuperar todos os logs" duration="6408"/>
    <testCase name="Fish Log Service Test Recuperar um log" duration="3118"/>
    <testCase name="Fish Log Service Test Log não existente" duration="1980"/>
  </file>
</testExecutions>