<?xml version="1.0" encoding="UTF-8"?>
<testExecutions version="1">
  <file path="/home/iancosta/2022-1-EuPescador-Web/src/pages/Register/index.spec.tsx">
    <testCase name="Register page Should render page" duration="226"/>
  </file>
  <file path="/home/iancosta/2022-1-EuPescador-Web/src/pages/Login/index.spec.tsx">
    <testCase name="Login page Should render page" duration="224"/>
    <testCase name="Login page Register button should be render" duration="84"/>
    <testCase name="Login page Title color should be default" duration="57"/>
  </file>
  <file path="/home/iancosta/2022-1-EuPescador-Web/src/components/Header.spec.tsx">
    <testCase name="Header Component Should render title" duration="72"/>
    <testCase name="Header Component Should render avatar" duration="11"/>
    <testCase name="Header Component Should render username" duration="10"/>
    <testCase name="Header Component Should render type of user" duration="8"/>
    <testCase name="Header Component Title color should be default" duration="38"/>
    <testCase name="Header Component Header Background should be white" duration="14"/>
    <testCase name="Header Component Header should be visible" duration="8"/>
    <testCase name="Header Component Check if width is 100%" duration="7"/>
    <testCase name="Header Component Check if font-color is black" duration="9"/>
  </file>
  <file path="/home/iancosta/2022-1-EuPescador-Web/src/pages/Datas/index.spec.tsx">
    <testCase name="Login page Should render page" duration="124"/>
  </file>
  <file path="/home/iancosta/2022-1-EuPescador-Web/src/services/api/userServices/index.spec.tsx">
    <testCase name="User Service Test Deve realizar o login" duration="847"/>
    <testCase name="User Service Test Deve falhar o login" duration="619"/>
    <testCase name="User Service Test Listar todos os usuarios" duration="657"/>
  </file>
  <file path="/home/iancosta/2022-1-EuPescador-Web/src/services/api/wikiServices/index.spec.tsx">
    <testCase name="Wiki Service Test Recuperar dados de um peixe" duration="840"/>
    <testCase name="Wiki Service Test Peixe não existente" duration="704"/>
    <testCase name="Wiki Service Test Recuperar todos os peixes" duration="964"/>
  </file>
  <file path="/home/iancosta/2022-1-EuPescador-Web/src/components/Table/index.spec.tsx">
    <testCase name="Table component Should render component" duration="46"/>
    <testCase name="Table component Should render edit button" duration="38"/>
    <testCase name="Table component Should render delete button" duration="23"/>
  </file>
  <file path="/home/iancosta/2022-1-EuPescador-Web/src/services/api/fishLogServices/index.spec.tsx">
    <testCase name="Fish Log Service Test Recuperar todos os logs" duration="6692"/>
    <testCase name="Fish Log Service Test Recuperar um log" duration="2852"/>
    <testCase name="Fish Log Service Test Log não existente" duration="2094"/>
  </file>
</testExecutions>