<?xml version="1.0" encoding="UTF-8"?>
<testExecutions version="1">
  <file path="D:\mds\2022-1-EuPescador-Web\src\pages\Login\index.spec.tsx">
    <testCase name="Login page Should render page" duration="408"/>
  </file>
  <file path="D:\mds\2022-1-EuPescador-Web\src\pages\Register\index.spec.tsx">
    <testCase name="Register page Should render page" duration="379"/>
  </file>
  <file path="D:\mds\2022-1-EuPescador-Web\src\pages\Datas\index.spec.tsx">
    <testCase name="Login page Should render page" duration="208"/>
  </file>
  <file path="D:\mds\2022-1-EuPescador-Web\src\services\api\userServices\index.spec.tsx">
    <testCase name="User Service Test Deve realizar o login" duration="2189"/>
    <testCase name="User Service Test Deve falhar o login" duration="601"/>
    <testCase name="User Service Test Listar todos os usuarios" duration="603"/>
  </file>
  <file path="D:\mds\2022-1-EuPescador-Web\src\services\api\wikiServices\index.spec.tsx">
    <testCase name="Wiki Service Test Recuperar dados de um peixe" duration="1809"/>
    <testCase name="Wiki Service Test Peixe não existente" duration="646"/>
    <testCase name="Wiki Service Test Recuperar todos os peixes" duration="1430"/>
  </file>
  <file path="D:\mds\2022-1-EuPescador-Web\src\components\Table\index.spec.tsx">
    <testCase name="Table component Should render component" duration="60"/>
    <testCase name="Table component Should render edit button" duration="53"/>
    <testCase name="Table component Should render delete button" duration="29"/>
  </file>
  <file path="D:\mds\2022-1-EuPescador-Web\src\services\api\fishLogServices\index.spec.tsx">
    <testCase name="Fish Log Service Test Recuperar todos os logs" duration="93898"/>
    <testCase name="Fish Log Service Test Recuperar um log" duration="4260"/>
    <testCase name="Fish Log Service Test Log não existente" duration="1703"/>
  </file>
</testExecutions>