<?xml version="1.0" encoding="UTF-8"?>
<testExecutions version="1">
  <file path="/home/iancosta/2022-1-EuPescador-Web/src/pages/Register/index.spec.tsx">
    <testCase name="Register page Should render page" duration="220"/>
  </file>
  <file path="/home/iancosta/2022-1-EuPescador-Web/src/pages/Login/index.spec.tsx">
    <testCase name="Login page Should render page" duration="229"/>
    <testCase name="Login page Register button should be render" duration="70"/>
    <testCase name="Login page Title color should be default" duration="47"/>
    <testCase name="Login page Title should be visible" duration="50"/>
    <testCase name="Login page Should render avatar" duration="31"/>
    <testCase name="Login page Should render first TextField" duration="34"/>
    <testCase name="Login page First TextField background color should be default" duration="36"/>
  </file>
  <file path="/home/iancosta/2022-1-EuPescador-Web/src/components/Header.spec.tsx">
    <testCase name="Header Component Should render title" duration="54"/>
    <testCase name="Header Component Should render avatar" duration="8"/>
    <testCase name="Header Component Should render username" duration="7"/>
    <testCase name="Header Component Should render type of user" duration="6"/>
    <testCase name="Header Component Title color should be default" duration="34"/>
    <testCase name="Header Component Header Background should be white" duration="25"/>
    <testCase name="Header Component Header should be visible" duration="12"/>
    <testCase name="Header Component Check if width is 100%" duration="11"/>
    <testCase name="Header Component Check if font-color is black" duration="13"/>
  </file>
  <file path="/home/iancosta/2022-1-EuPescador-Web/src/pages/Datas/index.spec.tsx">
    <testCase name="Login page Should render page" duration="154"/>
  </file>
  <file path="/home/iancosta/2022-1-EuPescador-Web/src/services/api/userServices/index.spec.tsx">
    <testCase name="User Service Test Deve realizar o login" duration="811"/>
    <testCase name="User Service Test Deve falhar o login" duration="614"/>
    <testCase name="User Service Test Listar todos os usuarios" duration="686"/>
  </file>
  <file path="/home/iancosta/2022-1-EuPescador-Web/src/services/api/wikiServices/index.spec.tsx">
    <testCase name="Wiki Service Test Recuperar dados de um peixe" duration="830"/>
    <testCase name="Wiki Service Test Peixe não existente" duration="661"/>
    <testCase name="Wiki Service Test Recuperar todos os peixes" duration="963"/>
  </file>
  <file path="/home/iancosta/2022-1-EuPescador-Web/src/components/Table/index.spec.tsx">
    <testCase name="Table component Should render component" duration="48"/>
    <testCase name="Table component Should render edit button" duration="38"/>
    <testCase name="Table component Should render delete button" duration="24"/>
  </file>
  <file path="/home/iancosta/2022-1-EuPescador-Web/src/services/api/fishLogServices/index.spec.tsx">
    <testCase name="Fish Log Service Test Recuperar todos os logs" duration="6038"/>
    <testCase name="Fish Log Service Test Recuperar um log" duration="2788"/>
    <testCase name="Fish Log Service Test Log não existente" duration="1759"/>
  </file>
</testExecutions>