<?xml version="1.0" encoding="UTF-8"?>
<testExecutions version="1">
  <file path="/home/potter/Documentos/unb_2022_1/mds/2022-1-EuPescador-Web/src/components/Header.spec.tsx">
    <testCase name="Header Component Should render title" duration="93"/>
    <testCase name="Header Component Should render avatar" duration="11"/>
    <testCase name="Header Component Should render username" duration="9"/>
    <testCase name="Header Component Should render type of user" duration="13"/>
    <testCase name="Header Component Title color should be default" duration="50"/>
    <testCase name="Header Component Header Background should be white" duration="18"/>
    <testCase name="Header Component Header should be visible" duration="17"/>
    <testCase name="Header Component Check if width is 100%" duration="13"/>
    <testCase name="Header Component Check if font-color is black" duration="20"/>
  </file>
  <file path="/home/potter/Documentos/unb_2022_1/mds/2022-1-EuPescador-Web/src/pages/Login/index.spec.tsx">
    <testCase name="Login page Should render page" duration="458"/>
    <testCase name="Login page Register button should be render" duration="159"/>
    <testCase name="Login page Title color should be default" duration="100"/>
    <testCase name="Login page Title should be visible" duration="101"/>
    <testCase name="Login page Should render avatar" duration="85"/>
  </file>
  <file path="/home/potter/Documentos/unb_2022_1/mds/2022-1-EuPescador-Web/src/services/api/userServices/index.spec.tsx">
    <testCase name="User Service Test Deve realizar o login" duration="851"/>
    <testCase name="User Service Test Deve falhar o login" duration="693"/>
    <testCase name="User Service Test Listar todos os usuarios" duration="847"/>
  </file>
  <file path="/home/potter/Documentos/unb_2022_1/mds/2022-1-EuPescador-Web/src/pages/Datas/index.spec.tsx">
    <testCase name="Login page Should render page" duration="291"/>
  </file>
  <file path="/home/potter/Documentos/unb_2022_1/mds/2022-1-EuPescador-Web/src/services/api/wikiServices/index.spec.tsx">
    <testCase name="Wiki Service Test Recuperar dados de um peixe" duration="801"/>
    <testCase name="Wiki Service Test Peixe não existente" duration="846"/>
    <testCase name="Wiki Service Test Recuperar todos os peixes" duration="1142"/>
  </file>
  <file path="/home/potter/Documentos/unb_2022_1/mds/2022-1-EuPescador-Web/src/pages/Register/index.spec.tsx">
    <testCase name="Register page Should render page" duration="257"/>
  </file>
  <file path="/home/potter/Documentos/unb_2022_1/mds/2022-1-EuPescador-Web/src/components/Table/index.spec.tsx">
    <testCase name="Table component Should render component" duration="70"/>
    <testCase name="Table component Should render edit button" duration="55"/>
    <testCase name="Table component Should render delete button" duration="33"/>
  </file>
  <file path="/home/potter/Documentos/unb_2022_1/mds/2022-1-EuPescador-Web/src/services/api/fishLogServices/index.spec.tsx">
    <testCase name="Fish Log Service Test Recuperar todos os logs" duration="9977"/>
    <testCase name="Fish Log Service Test Recuperar um log" duration="3396"/>
    <testCase name="Fish Log Service Test Log não existente" duration="2259"/>
  </file>
</testExecutions>