<?xml version="1.0" encoding="UTF-8"?>
<testExecutions version="1">
  <file path="/home/iancosta/2022-1-EuPescador-Web/src/pages/Login/index.spec.tsx">
    <testCase name="Login page Should render page" duration="228"/>
  </file>
  <file path="/home/iancosta/2022-1-EuPescador-Web/src/pages/Register/index.spec.tsx">
    <testCase name="Register page Should render page" duration="209"/>
    <testCase name="Register page Login button should be render" duration="99"/>
    <testCase name="Register page Title color should be default" duration="68"/>
    <testCase name="Register page Title should be visible" duration="59"/>
    <testCase name="Register page Should render avatar" duration="46"/>
  </file>
  <file path="/home/iancosta/2022-1-EuPescador-Web/src/components/Header.spec.tsx">
    <testCase name="Header Component Should render title" duration="67"/>
    <testCase name="Header Component Should render avatar" duration="10"/>
    <testCase name="Header Component Should render username" duration="9"/>
    <testCase name="Header Component Should render type of user" duration="10"/>
    <testCase name="Header Component Title color should be default" duration="42"/>
    <testCase name="Header Component Header Background should be white" duration="14"/>
    <testCase name="Header Component Header should be visible" duration="11"/>
    <testCase name="Header Component Check if width is 100%" duration="10"/>
    <testCase name="Header Component Check if font-color is black" duration="9"/>
  </file>
  <file path="/home/iancosta/2022-1-EuPescador-Web/src/pages/Datas/index.spec.tsx">
    <testCase name="Login page Should render page" duration="163"/>
  </file>
  <file path="/home/iancosta/2022-1-EuPescador-Web/src/services/api/userServices/index.spec.tsx">
    <testCase name="User Service Test Deve realizar o login" duration="820"/>
    <testCase name="User Service Test Deve falhar o login" duration="663"/>
    <testCase name="User Service Test Listar todos os usuarios" duration="701"/>
  </file>
  <file path="/home/iancosta/2022-1-EuPescador-Web/src/services/api/wikiServices/index.spec.tsx">
    <testCase name="Wiki Service Test Recuperar dados de um peixe" duration="870"/>
    <testCase name="Wiki Service Test Peixe não existente" duration="677"/>
    <testCase name="Wiki Service Test Recuperar todos os peixes" duration="979"/>
  </file>
  <file path="/home/iancosta/2022-1-EuPescador-Web/src/components/Table/index.spec.tsx">
    <testCase name="Table component Should render component" duration="43"/>
    <testCase name="Table component Should render edit button" duration="36"/>
    <testCase name="Table component Should render delete button" duration="26"/>
  </file>
  <file path="/home/iancosta/2022-1-EuPescador-Web/src/services/api/fishLogServices/index.spec.tsx">
    <testCase name="Fish Log Service Test Recuperar todos os logs" duration="6074"/>
    <testCase name="Fish Log Service Test Recuperar um log" duration="2891"/>
    <testCase name="Fish Log Service Test Log não existente" duration="1887"/>
  </file>
</testExecutions>