<?xml version="1.0" encoding="UTF-8"?>
<testExecutions version="1">
  <file path="/home/potter/Documentos/unb_2022_1/mds/2022-1-EuPescador-Web/src/pages/Login/index.spec.tsx">
    <testCase name="Login page Should render page" duration="389"/>
  </file>
  <file path="/home/potter/Documentos/unb_2022_1/mds/2022-1-EuPescador-Web/src/components/Header.spec.tsx">
    <testCase name="Header Component Should render title" duration="120"/>
    <testCase name="Header Component Should render avatar" duration="23"/>
    <testCase name="Header Component Should render username" duration="12"/>
    <testCase name="Header Component Should render type of user" duration="14"/>
    <testCase name="Header Component Title color should be default" duration="64"/>
    <testCase name="Header Component Header Background should be white" duration="27"/>
    <testCase name="Header Component Header should be visible" duration="22"/>
    <testCase name="Header Component Check if width is 100%" duration="22"/>
    <testCase name="Header Component Check if font-color is black" duration="24"/>
  </file>
  <file path="/home/potter/Documentos/unb_2022_1/mds/2022-1-EuPescador-Web/src/pages/Datas/index.spec.tsx">
    <testCase name="Login page Should render page" duration="225"/>
  </file>
  <file path="/home/potter/Documentos/unb_2022_1/mds/2022-1-EuPescador-Web/src/services/api/userServices/index.spec.tsx">
    <testCase name="User Service Test Deve realizar o login" duration="882"/>
    <testCase name="User Service Test Deve falhar o login" duration="830"/>
    <testCase name="User Service Test Listar todos os usuarios" duration="826"/>
  </file>
  <file path="/home/potter/Documentos/unb_2022_1/mds/2022-1-EuPescador-Web/src/services/api/wikiServices/index.spec.tsx">
    <testCase name="Wiki Service Test Recuperar dados de um peixe" duration="931"/>
    <testCase name="Wiki Service Test Peixe não existente" duration="813"/>
    <testCase name="Wiki Service Test Recuperar todos os peixes" duration="1167"/>
  </file>
  <file path="/home/potter/Documentos/unb_2022_1/mds/2022-1-EuPescador-Web/src/pages/Register/index.spec.tsx">
    <testCase name="Register page Should render page" duration="340"/>
    <testCase name="Register page Login button should be render" duration="102"/>
    <testCase name="Register page Title color should be default" duration="71"/>
    <testCase name="Register page Title should be visible" duration="68"/>
    <testCase name="Register page Should render avatar" duration="48"/>
    <testCase name="Register page Should render email TextField" duration="68"/>
    <testCase name="Register page Email TextField background color should be default" duration="51"/>
  </file>
  <file path="/home/potter/Documentos/unb_2022_1/mds/2022-1-EuPescador-Web/src/components/Table/index.spec.tsx">
    <testCase name="Table component Should render component" duration="65"/>
    <testCase name="Table component Should render edit button" duration="59"/>
    <testCase name="Table component Should render delete button" duration="39"/>
  </file>
  <file path="/home/potter/Documentos/unb_2022_1/mds/2022-1-EuPescador-Web/src/services/api/fishLogServices/index.spec.tsx">
    <testCase name="Fish Log Service Test Recuperar todos os logs" duration="11890"/>
    <testCase name="Fish Log Service Test Recuperar um log" duration="3412"/>
    <testCase name="Fish Log Service Test Log não existente" duration="2054"/>
  </file>
</testExecutions>